<?xml version="1.0" encoding="UTF-8"?>
<!-- Generated by org.testng.reporters.JUnitReportReporter -->
<testsuite hostname="carlos" failures="0" tests="1" name="com.ti.testcase.LoginTest" time="0.000" errors="0" timestamp="2023-03-02T15:54:47 CST" skipped="1">
  <testcase classname="com.ti.testcase.LoginTest" name="LoginDate" time="0.000">
    <skipped/>
  </testcase> <!-- LoginDate -->
  <system-out/>
</testsuite> <!-- com.ti.testcase.LoginTest -->
